c:\users\직업능력개발훈련 401호_8번\source\repos\mfc_ccontactmanager\mfccontactmanagermon2\debug\mfccontactmanagermon2.pch
c:\users\직업능력개발훈련 401호_8번\source\repos\mfc_ccontactmanager\mfccontactmanagermon2\debug\vc142.pdb
c:\users\직업능력개발훈련 401호_8번\source\repos\mfc_ccontactmanager\mfccontactmanagermon2\debug\vc142.idb
c:\users\직업능력개발훈련 401호_8번\source\repos\mfc_ccontactmanager\mfccontactmanagermon2\debug\pch.obj
c:\users\직업능력개발훈련 401호_8번\source\repos\mfc_ccontactmanager\mfccontactmanagermon2\debug\myhash.obj
c:\users\직업능력개발훈련 401호_8번\source\repos\mfc_ccontactmanager\mfccontactmanagermon2\debug\mfccontactmanagermon2dlg.obj
c:\users\직업능력개발훈련 401호_8번\source\repos\mfc_ccontactmanager\mfccontactmanagermon2\debug\mfccontactmanagermon2.obj
c:\users\직업능력개발훈련 401호_8번\source\repos\mfc_ccontactmanager\debug\mfccontactmanagermon2.exe
c:\users\직업능력개발훈련 401호_8번\source\repos\mfc_ccontactmanager\debug\mfccontactmanagermon2.ilk
c:\users\직업능력개발훈련 401호_8번\source\repos\mfc_ccontactmanager\debug\mfccontactmanagermon2.pdb
c:\users\직업능력개발훈련 401호_8번\source\repos\mfc_ccontactmanager\mfccontactmanagermon2\debug\mfccontactmanagermon2.res
c:\users\직업능력개발훈련 401호_8번\source\repos\mfc_ccontactmanager\mfccontactmanagermon2\debug\mfcconta.9976bfbf.tlog\cl.command.1.tlog
c:\users\직업능력개발훈련 401호_8번\source\repos\mfc_ccontactmanager\mfccontactmanagermon2\debug\mfcconta.9976bfbf.tlog\cl.read.1.tlog
c:\users\직업능력개발훈련 401호_8번\source\repos\mfc_ccontactmanager\mfccontactmanagermon2\debug\mfcconta.9976bfbf.tlog\cl.write.1.tlog
c:\users\직업능력개발훈련 401호_8번\source\repos\mfc_ccontactmanager\mfccontactmanagermon2\debug\mfcconta.9976bfbf.tlog\link.command.1.tlog
c:\users\직업능력개발훈련 401호_8번\source\repos\mfc_ccontactmanager\mfccontactmanagermon2\debug\mfcconta.9976bfbf.tlog\link.read.1.tlog
c:\users\직업능력개발훈련 401호_8번\source\repos\mfc_ccontactmanager\mfccontactmanagermon2\debug\mfcconta.9976bfbf.tlog\link.write.1.tlog
c:\users\직업능력개발훈련 401호_8번\source\repos\mfc_ccontactmanager\mfccontactmanagermon2\debug\mfcconta.9976bfbf.tlog\rc.command.1.tlog
c:\users\직업능력개발훈련 401호_8번\source\repos\mfc_ccontactmanager\mfccontactmanagermon2\debug\mfcconta.9976bfbf.tlog\rc.read.1.tlog
c:\users\직업능력개발훈련 401호_8번\source\repos\mfc_ccontactmanager\mfccontactmanagermon2\debug\mfcconta.9976bfbf.tlog\rc.write.1.tlog
